Attaching 1 probe...
^C

@:
[300, 400)             1 |                                                    |
[400, 500)            33 |@                                                   |
[500, 600)            50 |@@                                                  |
[600, 700)            49 |@@                                                  |
[700, 800)            42 |@@                                                  |
[800, 900)            21 |@                                                   |
[900, 1000)           15 |                                                    |
[1000, 1100)           9 |                                                    |
[1100, 1200)          11 |                                                    |
[1200, 1300)           4 |                                                    |
[1300, 1400)          16 |                                                    |
[1400, 1500)           9 |                                                    |
[1500, 1600)           7 |                                                    |
[1600, 1700)           8 |                                                    |
[1700, 1800)          70 |@@@                                                 |
[1800, 1900)         419 |@@@@@@@@@@@@@@@@@@@@@                               |
[1900, 2000)         997 |@@@@@@@@@@@@@@@@@@@@@@@@@@@@@@@@@@@@@@@@@@@@@@@@@@@@|
[2000, 2100)         564 |@@@@@@@@@@@@@@@@@@@@@@@@@@@@@                       |
[2100, 2200)          98 |@@@@@                                               |
[2200, 2300)          37 |@                                                   |
[2300, 2400)          30 |@                                                   |
[2400, 2500)          36 |@                                                   |
[2500, 2600)          46 |@@                                                  |
[2600, 2700)          86 |@@@@                                                |
[2700, 2800)          74 |@@@                                                 |
[2800, 2900)          42 |@@                                                  |
[2900, 3000)          26 |@                                                   |
[3000, ...)           35 |@                                                   |


